# JRE version: OpenJDK Runtime Environment Temurin-21.0.8+9 (21.0.8+9) (build 21.0.8+9-LTS)
# Java VM: OpenJDK 64-Bit Server VM Temurin-21.0.8+9 (21.0.8+9-LTS, mixed mode, sharing, tiered, compressed oops, compressed class ptrs, parallel gc, windows-amd64)
GC Precious Log:
 CardTable entry size: 512
 CPUs: 12 total, 12 available
 Memory: 7541M
 Large Page Support: Disabled
 NUMA Support: Disabled
 Compressed Oops: Enabled (32-bit)
 Alignments: Space 512K, Generation 512K, Heap 2M
 Heap Min Capacity: 100M
 Heap Initial Capacity: 100M
 Heap Max Capacity: 2G
 Pre-touch: Disabled
 Parallel Workers: 10
Heap:
 PSYoungGen      total 4096K, used 1866K [0x00000000d5580000, 0x00000000d5a80000, 0x0000000100000000)
  eden space 3072K, 46% used [0x00000000d5580000,0x00000000d56e2a28,0x00000000d5880000)
  from space 1024K, 43% used [0x00000000d5980000,0x00000000d59f0000,0x00000000d5a80000)
  to   space 1024K, 0% used [0x00000000d5880000,0x00000000d5880000,0x00000000d5980000)
 ParOldGen       total 610816K, used 610691K [0x0000000080000000, 0x00000000a5480000, 0x00000000d5580000)
  object space 610816K, 99% used [0x0000000080000000,0x00000000a5460d70,0x00000000a5480000)
 Metaspace       used 106134K, committed 108160K, reserved 1179648K
  class space    used 10241K, committed 11072K, reserved 1048576K
GC Heap History (20 events):
Event: 57045.913 GC heap before
{Heap before GC invocations=12690 (full 15):
 PSYoungGen      total 4096K, used 4000K [0x00000000d5580000, 0x00000000d5a80000, 0x0000000100000000)
  eden space 3584K, 100% used [0x00000000d5580000,0x00000000d5900000,0x00000000d5900000)
  from space 512K, 81% used [0x00000000d5a00000,0x00000000d5a68000,0x00000000d5a80000)
  to   space 512K, 0% used [0x00000000d5980000,0x00000000d5980000,0x00000000d5a00000)
 ParOldGen       total 607232K, used 607042K [0x0000000080000000, 0x00000000a5100000, 0x00000000d5580000)
  object space 607232K, 99% used [0x0000000080000000,0x00000000a50d0b00,0x00000000a5100000)
 Metaspace       used 106134K, committed 108160K, reserved 1179648K
  class space    used 10241K, committed 11072K, reserved 1048576K
}
Event: 57045.918 GC heap after
{Heap after GC invocations=12690 (full 15):
 PSYoungGen      total 4096K, used 500K [0x00000000d5580000, 0x00000000d5b00000, 0x0000000100000000)
  eden space 3584K, 0% used [0x00000000d5580000,0x00000000d5580000,0x00000000d5900000)
  from space 512K, 97% used [0x00000000d5980000,0x00000000d59fd200,0x00000000d5a00000)
  to   space 1024K, 0% used [0x00000000d5a00000,0x00000000d5a00000,0x00000000d5b00000)
 ParOldGen       total 607744K, used 607442K [0x0000000080000000, 0x00000000a5180000, 0x00000000d5580000)
  object space 607744K, 99% used [0x0000000080000000,0x00000000a5134b00,0x00000000a5180000)
 Metaspace       used 106134K, committed 108160K, reserved 1179648K
  class space    used 10241K, committed 11072K, reserved 1048576K
}
Event: 57045.997 GC heap before
{Heap before GC invocations=12691 (full 15):
 PSYoungGen      total 4096K, used 4084K [0x00000000d5580000, 0x00000000d5b00000, 0x0000000100000000)
  eden space 3584K, 100% used [0x00000000d5580000,0x00000000d5900000,0x00000000d5900000)
  from space 512K, 97% used [0x00000000d5980000,0x00000000d59fd200,0x00000000d5a00000)
  to   space 1024K, 0% used [0x00000000d5a00000,0x00000000d5a00000,0x00000000d5b00000)
 ParOldGen       total 607744K, used 607442K [0x0000000080000000, 0x00000000a5180000, 0x00000000d5580000)
  object space 607744K, 99% used [0x0000000080000000,0x00000000a5134b00,0x00000000a5180000)
 Metaspace       used 106134K, committed 108160K, reserved 1179648K
  class space    used 10241K, committed 11072K, reserved 1048576K
}
Event: 57046.001 GC heap after
{Heap after GC invocations=12691 (full 15):
 PSYoungGen      total 4608K, used 480K [0x00000000d5580000, 0x00000000d5b00000, 0x0000000100000000)
  eden space 3584K, 0% used [0x00000000d5580000,0x00000000d5580000,0x00000000d5900000)
  from space 1024K, 46% used [0x00000000d5a00000,0x00000000d5a78000,0x00000000d5b00000)
  to   space 1024K, 0% used [0x00000000d5900000,0x00000000d5900000,0x00000000d5a00000)
 ParOldGen       total 608256K, used 607879K [0x0000000080000000, 0x00000000a5200000, 0x00000000d5580000)
  object space 608256K, 99% used [0x0000000080000000,0x00000000a51a1d10,0x00000000a5200000)
 Metaspace       used 106134K, committed 108160K, reserved 1179648K
  class space    used 10241K, committed 11072K, reserved 1048576K
}
Event: 57046.067 GC heap before
{Heap before GC invocations=12692 (full 15):
 PSYoungGen      total 4608K, used 4064K [0x00000000d5580000, 0x00000000d5b00000, 0x0000000100000000)
  eden space 3584K, 100% used [0x00000000d5580000,0x00000000d5900000,0x00000000d5900000)
  from space 1024K, 46% used [0x00000000d5a00000,0x00000000d5a78000,0x00000000d5b00000)
  to   space 1024K, 0% used [0x00000000d5900000,0x00000000d5900000,0x00000000d5a00000)
 ParOldGen       total 608256K, used 607879K [0x0000000080000000, 0x00000000a5200000, 0x00000000d5580000)
  object space 608256K, 99% used [0x0000000080000000,0x00000000a51a1d10,0x00000000a5200000)
 Metaspace       used 106134K, committed 108160K, reserved 1179648K
  class space    used 10241K, committed 11072K, reserved 1048576K
}
Event: 57046.074 GC heap after
{Heap after GC invocations=12692 (full 15):
 PSYoungGen      total 4608K, used 586K [0x00000000d5580000, 0x00000000d5b00000, 0x0000000100000000)
  eden space 3584K, 0% used [0x00000000d5580000,0x00000000d5580000,0x00000000d5900000)
  from space 1024K, 57% used [0x00000000d5900000,0x00000000d5992910,0x00000000d5a00000)
  to   space 1024K, 0% used [0x00000000d5a00000,0x00000000d5a00000,0x00000000d5b00000)
 ParOldGen       total 608256K, used 608155K [0x0000000080000000, 0x00000000a5200000, 0x00000000d5580000)
  object space 608256K, 99% used [0x0000000080000000,0x00000000a51e6f90,0x00000000a5200000)
 Metaspace       used 106134K, committed 108160K, reserved 1179648K
  class space    used 10241K, committed 11072K, reserved 1048576K
}
Event: 57168.798 GC heap before
{Heap before GC invocations=12693 (full 15):
 PSYoungGen      total 4608K, used 4170K [0x00000000d5580000, 0x00000000d5b00000, 0x0000000100000000)
  eden space 3584K, 99% used [0x00000000d5580000,0x00000000d58fffe0,0x00000000d5900000)
  from space 1024K, 57% used [0x00000000d5900000,0x00000000d5992910,0x00000000d5a00000)
  to   space 1024K, 0% used [0x00000000d5a00000,0x00000000d5a00000,0x00000000d5b00000)
 ParOldGen       total 608256K, used 608155K [0x0000000080000000, 0x00000000a5200000, 0x00000000d5580000)
  object space 608256K, 99% used [0x0000000080000000,0x00000000a51e6f90,0x00000000a5200000)
 Metaspace       used 106134K, committed 108160K, reserved 1179648K
  class space    used 10241K, committed 11072K, reserved 1048576K
}
Event: 57168.944 GC heap after
{Heap after GC invocations=12693 (full 15):
 PSYoungGen      total 4096K, used 224K [0x00000000d5580000, 0x00000000d5a80000, 0x0000000100000000)
  eden space 3584K, 0% used [0x00000000d5580000,0x00000000d5580000,0x00000000d5900000)
  from space 512K, 43% used [0x00000000d5a00000,0x00000000d5a38000,0x00000000d5a80000)
  to   space 512K, 0% used [0x00000000d5980000,0x00000000d5980000,0x00000000d5a00000)
 ParOldGen       total 608256K, used 608179K [0x0000000080000000, 0x00000000a5200000, 0x00000000d5580000)
  object space 608256K, 99% used [0x0000000080000000,0x00000000a51ecf90,0x00000000a5200000)
 Metaspace       used 106134K, committed 108160K, reserved 1179648K
  class space    used 10241K, committed 11072K, reserved 1048576K
}
Event: 57170.062 GC heap before
{Heap before GC invocations=12694 (full 15):
 PSYoungGen      total 4096K, used 3807K [0x00000000d5580000, 0x00000000d5a80000, 0x0000000100000000)
  eden space 3584K, 99% used [0x00000000d5580000,0x00000000d58ffff8,0x00000000d5900000)
  from space 512K, 43% used [0x00000000d5a00000,0x00000000d5a38000,0x00000000d5a80000)
  to   space 512K, 0% used [0x00000000d5980000,0x00000000d5980000,0x00000000d5a00000)
 ParOldGen       total 608256K, used 608179K [0x0000000080000000, 0x00000000a5200000, 0x00000000d5580000)
  object space 608256K, 99% used [0x0000000080000000,0x00000000a51ecf90,0x00000000a5200000)
 Metaspace       used 106134K, committed 108160K, reserved 1179648K
  class space    used 10241K, committed 11072K, reserved 1048576K
}
Event: 57170.069 GC heap after
{Heap after GC invocations=12694 (full 15):
 PSYoungGen      total 4096K, used 462K [0x00000000d5580000, 0x00000000d5a80000, 0x0000000100000000)
  eden space 3584K, 0% used [0x00000000d5580000,0x00000000d5580000,0x00000000d5900000)
  from space 512K, 90% used [0x00000000d5980000,0x00000000d59f3b00,0x00000000d5a00000)
  to   space 512K, 0% used [0x00000000d5a00000,0x00000000d5a00000,0x00000000d5a80000)
 ParOldGen       total 608256K, used 608235K [0x0000000080000000, 0x00000000a5200000, 0x00000000d5580000)
  object space 608256K, 99% used [0x0000000080000000,0x00000000a51faf90,0x00000000a5200000)
 Metaspace       used 106134K, committed 108160K, reserved 1179648K
  class space    used 10241K, committed 11072K, reserved 1048576K
}
Event: 57170.229 GC heap before
{Heap before GC invocations=12695 (full 15):
 PSYoungGen      total 4096K, used 4046K [0x00000000d5580000, 0x00000000d5a80000, 0x0000000100000000)
  eden space 3584K, 100% used [0x00000000d5580000,0x00000000d5900000,0x00000000d5900000)
  from space 512K, 90% used [0x00000000d5980000,0x00000000d59f3b00,0x00000000d5a00000)
  to   space 512K, 0% used [0x00000000d5a00000,0x00000000d5a00000,0x00000000d5a80000)
 ParOldGen       total 608256K, used 608235K [0x0000000080000000, 0x00000000a5200000, 0x00000000d5580000)
  object space 608256K, 99% used [0x0000000080000000,0x00000000a51faf90,0x00000000a5200000)
 Metaspace       used 106134K, committed 108160K, reserved 1179648K
  class space    used 10241K, committed 11072K, reserved 1048576K
}
Event: 57170.238 GC heap after
{Heap after GC invocations=12695 (full 15):
 PSYoungGen      total 3584K, used 512K [0x00000000d5580000, 0x00000000d5c00000, 0x0000000100000000)
  eden space 3072K, 0% used [0x00000000d5580000,0x00000000d5580000,0x00000000d5880000)
  from space 512K, 100% used [0x00000000d5a00000,0x00000000d5a80000,0x00000000d5a80000)
  to   space 1536K, 0% used [0x00000000d5880000,0x00000000d5880000,0x00000000d5a00000)
 ParOldGen       total 608768K, used 608673K [0x0000000080000000, 0x00000000a5280000, 0x00000000d5580000)
  object space 608768K, 99% used [0x0000000080000000,0x00000000a5268630,0x00000000a5280000)
 Metaspace       used 106134K, committed 108160K, reserved 1179648K
  class space    used 10241K, committed 11072K, reserved 1048576K
}
Event: 57170.339 GC heap before
{Heap before GC invocations=12696 (full 15):
 PSYoungGen      total 3584K, used 3584K [0x00000000d5580000, 0x00000000d5c00000, 0x0000000100000000)
  eden space 3072K, 100% used [0x00000000d5580000,0x00000000d5880000,0x00000000d5880000)
  from space 512K, 100% used [0x00000000d5a00000,0x00000000d5a80000,0x00000000d5a80000)
  to   space 1536K, 0% used [0x00000000d5880000,0x00000000d5880000,0x00000000d5a00000)
 ParOldGen       total 608768K, used 608673K [0x0000000080000000, 0x00000000a5280000, 0x00000000d5580000)
  object space 608768K, 99% used [0x0000000080000000,0x00000000a5268630,0x00000000a5280000)
 Metaspace       used 106134K, committed 108160K, reserved 1179648K
  class space    used 10241K, committed 11072K, reserved 1048576K
}
Event: 57170.343 GC heap after
{Heap after GC invocations=12696 (full 15):
 PSYoungGen      total 3584K, used 416K [0x00000000d5580000, 0x00000000d5a80000, 0x0000000100000000)
  eden space 3072K, 0% used [0x00000000d5580000,0x00000000d5580000,0x00000000d5880000)
  from space 512K, 81% used [0x00000000d5880000,0x00000000d58e8000,0x00000000d5900000)
  to   space 1024K, 0% used [0x00000000d5980000,0x00000000d5980000,0x00000000d5a80000)
 ParOldGen       total 609280K, used 609129K [0x0000000080000000, 0x00000000a5300000, 0x00000000d5580000)
  object space 609280K, 99% used [0x0000000080000000,0x00000000a52da630,0x00000000a5300000)
 Metaspace       used 106134K, committed 108160K, reserved 1179648K
  class space    used 10241K, committed 11072K, reserved 1048576K
}
Event: 57170.505 GC heap before
{Heap before GC invocations=12697 (full 15):
 PSYoungGen      total 3584K, used 3488K [0x00000000d5580000, 0x00000000d5a80000, 0x0000000100000000)
  eden space 3072K, 100% used [0x00000000d5580000,0x00000000d5880000,0x00000000d5880000)
  from space 512K, 81% used [0x00000000d5880000,0x00000000d58e8000,0x00000000d5900000)
  to   space 1024K, 0% used [0x00000000d5980000,0x00000000d5980000,0x00000000d5a80000)
 ParOldGen       total 609280K, used 609129K [0x0000000080000000, 0x00000000a5300000, 0x00000000d5580000)
  object space 609280K, 99% used [0x0000000080000000,0x00000000a52da630,0x00000000a5300000)
 Metaspace       used 106134K, committed 108160K, reserved 1179648K
  class space    used 10241K, committed 11072K, reserved 1048576K
}
Event: 57170.510 GC heap after
{Heap after GC invocations=12697 (full 15):
 PSYoungGen      total 4096K, used 814K [0x00000000d5580000, 0x00000000d5a80000, 0x0000000100000000)
  eden space 3072K, 0% used [0x00000000d5580000,0x00000000d5580000,0x00000000d5880000)
  from space 1024K, 79% used [0x00000000d5980000,0x00000000d5a4bb20,0x00000000d5a80000)
  to   space 1024K, 0% used [0x00000000d5880000,0x00000000d5880000,0x00000000d5980000)
 ParOldGen       total 609792K, used 609425K [0x0000000080000000, 0x00000000a5380000, 0x00000000d5580000)
  object space 609792K, 99% used [0x0000000080000000,0x00000000a5324630,0x00000000a5380000)
 Metaspace       used 106134K, committed 108160K, reserved 1179648K
  class space    used 10241K, committed 11072K, reserved 1048576K
}
Event: 57170.518 GC heap before
{Heap before GC invocations=12698 (full 15):
 PSYoungGen      total 4096K, used 3886K [0x00000000d5580000, 0x00000000d5a80000, 0x0000000100000000)
  eden space 3072K, 99% used [0x00000000d5580000,0x00000000d587fff8,0x00000000d5880000)
  from space 1024K, 79% used [0x00000000d5980000,0x00000000d5a4bb20,0x00000000d5a80000)
  to   space 1024K, 0% used [0x00000000d5880000,0x00000000d5880000,0x00000000d5980000)
 ParOldGen       total 609792K, used 609425K [0x0000000080000000, 0x00000000a5380000, 0x00000000d5580000)
  object space 609792K, 99% used [0x0000000080000000,0x00000000a5324630,0x00000000a5380000)
 Metaspace       used 106134K, committed 108160K, reserved 1179648K
  class space    used 10241K, committed 11072K, reserved 1048576K
}
Event: 57170.522 GC heap after
{Heap after GC invocations=12698 (full 15):
 PSYoungGen      total 4096K, used 752K [0x00000000d5580000, 0x00000000d5a80000, 0x0000000100000000)
  eden space 3072K, 0% used [0x00000000d5580000,0x00000000d5580000,0x00000000d5880000)
  from space 1024K, 73% used [0x00000000d5880000,0x00000000d593c010,0x00000000d5980000)
  to   space 1024K, 0% used [0x00000000d5980000,0x00000000d5980000,0x00000000d5a80000)
 ParOldGen       total 610304K, used 610083K [0x0000000080000000, 0x00000000a5400000, 0x00000000d5580000)
  object space 610304K, 99% used [0x0000000080000000,0x00000000a53c8d60,0x00000000a5400000)
 Metaspace       used 106134K, committed 108160K, reserved 1179648K
  class space    used 10241K, committed 11072K, reserved 1048576K
}
Event: 57170.531 GC heap before
{Heap before GC invocations=12699 (full 15):
 PSYoungGen      total 4096K, used 3824K [0x00000000d5580000, 0x00000000d5a80000, 0x0000000100000000)
  eden space 3072K, 100% used [0x00000000d5580000,0x00000000d5880000,0x00000000d5880000)
  from space 1024K, 73% used [0x00000000d5880000,0x00000000d593c010,0x00000000d5980000)
  to   space 1024K, 0% used [0x00000000d5980000,0x00000000d5980000,0x00000000d5a80000)
 ParOldGen       total 610304K, used 610083K [0x0000000080000000, 0x00000000a5400000, 0x00000000d5580000)
  object space 610304K, 99% used [0x0000000080000000,0x00000000a53c8d60,0x00000000a5400000)
 Metaspace       used 106134K, committed 108160K, reserved 1179648K
  class space    used 10241K, committed 11072K, reserved 1048576K
}
Event: 57170.534 GC heap after
{Heap after GC invocations=12699 (full 15):
 PSYoungGen      total 4096K, used 448K [0x00000000d5580000, 0x00000000d5a80000, 0x0000000100000000)
  eden space 3072K, 0% used [0x00000000d5580000,0x00000000d5580000,0x00000000d5880000)
  from space 1024K, 43% used [0x00000000d5980000,0x00000000d59f0000,0x00000000d5a80000)
  to   space 1024K, 0% used [0x00000000d5880000,0x00000000d5880000,0x00000000d5980000)
 ParOldGen       total 610816K, used 610691K [0x0000000080000000, 0x00000000a5480000, 0x00000000d5580000)
  object space 610816K, 99% used [0x0000000080000000,0x00000000a5460d70,0x00000000a5480000)
 Metaspace       used 106134K, committed 108160K, reserved 1179648K
  class space    used 10241K, committed 11072K, reserved 1048576K
}

